-------------------------------------------------------------------------------
Test set: br.com.pamcary.ir.eventos.InfologRiscosEventosApplicationTests
-------------------------------------------------------------------------------
Tests run: 1, Failures: 0, Errors: 1, Skipped: 0, Time elapsed: 1.918 s <<< FAILURE! - in br.com.pamcary.ir.eventos.InfologRiscosEventosApplicationTests
initializationError(br.com.pamcary.ir.eventos.InfologRiscosEventosApplicationTests)  Time elapsed: 0.032 s  <<< ERROR!
java.lang.IllegalStateException: Unable to find a @SpringBootConfiguration, you need to use @ContextConfiguration or @SpringBootTest(classes=...) with your test

