<?xml version="1.0" encoding="UTF-8"?>
<testsuite xmlns:xsi="http://www.w3.org/2001/XMLSchema-instance" xsi:noNamespaceSchemaLocation="https://maven.apache.org/surefire/maven-surefire-plugin/xsd/surefire-test-report.xsd" name="br.com.pamcary.ir.eventos.InfologRiscosEventosApplicationTests" time="1.918" tests="1" errors="1" skipped="0" failures="0">
  <properties>
[...]
</properties>
  <testcase name="initializationError" classname="br.com.pamcary.ir.eventos.InfologRiscosEventosApplicationTests" time="0.032">
    <error message="Unable to find a @SpringBootConfiguration, you need to use @ContextConfiguration or @SpringBootTest(classes=...) with your test" type="java.lang.IllegalStateException">java.lang.IllegalStateException: Unable to find a @SpringBootConfiguration, you need to use @ContextConfiguration or @SpringBootTest(classes=...) with your test
</error>
    <system-out><![CDATA[15:41:05.796 [main] DEBUG org.springframework.test.context.junit4.SpringJUnit4ClassRunner - SpringJUnit4ClassRunner constructor called with [class br.com.pamcary.ir.eventos.InfologRiscosEventosApplicationTests]
15:41:05.832 [main] DEBUG org.springframework.test.context.BootstrapUtils - Instantiating CacheAwareContextLoaderDelegate from class [org.springframework.test.context.cache.DefaultCacheAwareContextLoaderDelegate]
15:41:05.905 [main] DEBUG org.springframework.test.context.BootstrapUtils - Instantiating BootstrapContext using constructor [public org.springframework.test.context.support.DefaultBootstrapContext(java.lang.Class,org.springframework.test.context.CacheAwareContextLoaderDelegate)]
15:41:06.036 [main] DEBUG org.springframework.test.context.BootstrapUtils - Instantiating TestContextBootstrapper for test class [br.com.pamcary.ir.eventos.InfologRiscosEventosApplicationTests] from class [org.springframework.boot.test.context.SpringBootTestContextBootstrapper]
15:41:06.117 [main] INFO org.springframework.boot.test.context.SpringBootTestContextBootstrapper - Neither @ContextConfiguration nor @ContextHierarchy found for test class [br.com.pamcary.ir.eventos.InfologRiscosEventosApplicationTests], using SpringBootContextLoader
15:41:06.141 [main] DEBUG org.springframework.test.context.support.AbstractContextLoader - Did not detect default resource location for test class [br.com.pamcary.ir.eventos.InfologRiscosEventosApplicationTests]: class path resource [br/com/pamcary/ir/eventos/InfologRiscosEventosApplicationTests-context.xml] does not exist
15:41:06.145 [main] DEBUG org.springframework.test.context.support.AbstractContextLoader - Did not detect default resource location for test class [br.com.pamcary.ir.eventos.InfologRiscosEventosApplicationTests]: class path resource [br/com/pamcary/ir/eventos/InfologRiscosEventosApplicationTestsContext.groovy] does not exist
15:41:06.147 [main] INFO org.springframework.test.context.support.AbstractContextLoader - Could not detect default resource locations for test class [br.com.pamcary.ir.eventos.InfologRiscosEventosApplicationTests]: no resource found for suffixes {-context.xml, Context.groovy}.
15:41:06.151 [main] INFO org.springframework.test.context.support.AnnotationConfigContextLoaderUtils - Could not detect default configuration classes for test class [br.com.pamcary.ir.eventos.InfologRiscosEventosApplicationTests]: InfologRiscosEventosApplicationTests does not declare any static, non-private, non-final, nested classes annotated with @Configuration.
15:41:06.417 [main] DEBUG org.springframework.test.context.support.ActiveProfilesUtils - Could not find an 'annotation declaring class' for annotation type [org.springframework.test.context.ActiveProfiles] and class [br.com.pamcary.ir.eventos.InfologRiscosEventosApplicationTests]
]]></system-out>
  </testcase>
</testsuite>